<?xml version="1.0" encoding="UTF-8"?>
<!-- Generated by org.testng.reporters.JUnitReportReporter -->
<testsuite hostname="MacBook-Pro" failures="0" tests="1" name="restAssureTests.restAssuredGet" time="0.631" errors="0" timestamp="2023-03-28T20:44:10 EDT" skipped="0">
  <testcase classname="restAssureTests.restAssuredGet" name="getMethodTest" time="0.631"/>
  <system-out/>
</testsuite> <!-- restAssureTests.restAssuredGet -->
